Starting SpringLearnApplication on youjy with PID 8972 (D:\springboot-pro\spring-learn\target\classes started by youjy in D:\springboot-pro\spring-learn)
No active profile set, falling back to default profiles: default
Devtools property defaults active! Set 'spring.devtools.add-properties' to 'false' to disable
LiveReload server is running on port 35729
Started SpringLearnApplication in 1.487 seconds (JVM running for 3.198)
Starting SpringLearnApplication on youjy with PID 98664 (D:\springboot-pro\spring-learn\target\classes started by youjy in D:\springboot-pro\spring-learn)
No active profile set, falling back to default profiles: default
Devtools property defaults active! Set 'spring.devtools.add-properties' to 'false' to disable
LiveReload server is running on port 35729
Started SpringLearnApplication in 1.903 seconds (JVM running for 4.353)
Starting SpringLearnApplication on youjy with PID 56172 (D:\springboot-pro\spring-learn\target\classes started by youjy in D:\springboot-pro\spring-learn)
No active profile set, falling back to default profiles: default
Devtools property defaults active! Set 'spring.devtools.add-properties' to 'false' to disable
LiveReload server is running on port 35729
Started SpringLearnApplication in 1.637 seconds (JVM running for 3.679)
Starting SpringLearnApplication on youjy with PID 36904 (D:\springboot-pro\spring-learn\target\classes started by youjy in D:\springboot-pro\spring-learn)
No active profile set, falling back to default profiles: default
Devtools property defaults active! Set 'spring.devtools.add-properties' to 'false' to disable
LiveReload server is running on port 35729
Started SpringLearnApplication in 1.423 seconds (JVM running for 3.106)
